<?xml version="1.0" encoding="UTF-8"?>
<!-- Generated by org.testng.reporters.JUnitXMLReporter -->
<testsuite ignored="3" hostname="admins-MacBook-Pro.local" failures="0" tests="1" name="Command line test" time="11.988" errors="0" timestamp="2022-12-12T06:44:26 EET">
  <testcase classname="tests.auth.LoginTest" name="searchProduct" time="4.743"/>
  <testcase classname="tests.BaseTest" name="@AfterTest closeBrowser" time="0.0">
    <ignored/>
  </testcase> <!-- @AfterTest closeBrowser -->
  <testcase classname="tests.BaseTest" name="@BeforeTest startBrowser" time="0.0">
    <ignored/>
  </testcase> <!-- @BeforeTest startBrowser -->
  <testcase classname="tests.BaseTest" name="@BeforeTest getBrowserName" time="0.0">
    <ignored/>
  </testcase> <!-- @BeforeTest getBrowserName -->
</testsuite> <!-- Command line test -->
