<?xml version="1.0" encoding="UTF-8"?>
<testng-results ignored="3" total="4" passed="1" failed="0" skipped="0">
  <reporter-output>
  </reporter-output>
  <suite started-at="2022-12-12T06:44:09 EET" name="Command line suite" finished-at="2022-12-12T06:44:21 EET" duration-ms="11988">
    <groups>
    </groups>
    <test started-at="2022-12-12T06:44:09 EET" name="Command line test" finished-at="2022-12-12T06:44:21 EET" duration-ms="11988">
      <class name="tests.auth.LoginTest">
        <test-method is-config="true" signature="getBrowserName(org.testng.ITestContext)[pri:0, instance:tests.auth.LoginTest@7ff2a664]" started-at="2022-12-12T06:44:09 EET" name="getBrowserName" finished-at="2022-12-12T06:44:11 EET" duration-ms="2256" status="PASS">
          <params>
            <param index="0">
              <value>
                <![CDATA[org.testng.TestRunner@309028af]]>
              </value>
            </param>
          </params>
          <reporter-output>
          </reporter-output>
        </test-method> <!-- getBrowserName -->
        <test-method is-config="true" signature="startBrowser()[pri:0, instance:tests.auth.LoginTest@7ff2a664]" started-at="2022-12-12T06:44:11 EET" name="startBrowser" finished-at="2022-12-12T06:44:16 EET" duration-ms="4790" status="PASS">
          <reporter-output>
          </reporter-output>
        </test-method> <!-- startBrowser -->
        <test-method signature="searchProduct()[pri:0, instance:tests.auth.LoginTest@7ff2a664]" started-at="2022-12-12T06:44:16 EET" name="searchProduct" finished-at="2022-12-12T06:44:21 EET" duration-ms="4743" status="PASS">
          <reporter-output>
          </reporter-output>
        </test-method> <!-- searchProduct -->
        <test-method is-config="true" signature="closeBrowser()[pri:0, instance:tests.auth.LoginTest@7ff2a664]" started-at="2022-12-12T06:44:21 EET" name="closeBrowser" finished-at="2022-12-12T06:44:21 EET" duration-ms="174" status="PASS">
          <reporter-output>
          </reporter-output>
        </test-method> <!-- closeBrowser -->
      </class> <!-- tests.auth.LoginTest -->
    </test> <!-- Command line test -->
  </suite> <!-- Command line suite -->
</testng-results>
